commit 1d73042ac61419de5153b61d3a9bb4ce27c5b474
Author: Rin <pomeryt@naver.com>
Date:   Thu Mar 23 19:02:05 2017 -0500

    added comment

commit 636db6d29b08e005f3fa0b019be5a05925ec5d55
Author: Rin <pomeryt@naver.com>
Date:   Thu Mar 23 18:57:38 2017 -0500

    update about

commit 06edf23b012c94ca5308dd42cee867625a57ec5f
Author: Grecia Reyna <Grecia@Grecias-MacBook-Pro.local>
Date:   Thu Mar 23 18:46:55 2017 -0500

    Added git log

commit 6702aac74764f0a707358bc383f5c320a3e7c012
Author: Rin <pomeryt@naver.com>
Date:   Thu Mar 23 18:36:35 2017 -0500

    update about page

commit ed6e70b2932d433fea600e567016929f24b645d5
Author: pomeryt <pomeryt@naver.com>
Date:   Thu Mar 23 18:35:06 2017 -0500

    Create README.md

commit dd07facb7b9abd280af9b6a66a16bba8db388fcb
Author: pomeryt <pomeryt@naver.com>
Date:   Thu Mar 23 18:33:40 2017 -0500

    Create .gitignore

commit 9d6344fe38759ec0c7481fa7d41edc7e0a5c230b
Author: Rin <pomeryt@naver.com>
Date:   Thu Mar 23 18:10:06 2017 -0500

    update about

commit 56dfe00e1ad994adf0cf6f0d87d13f06dc3d2c13
Merge: 61fbcd1 8754023
Author: Rin <pomeryt@naver.com>
Date:   Thu Mar 23 18:07:58 2017 -0500

    Merge branch 'master' of https://github.com/cb38335/cb38335.github.io

commit 61fbcd109c4325bcb9e141d43b2ec75ec3b8a58b
Author: Rin <pomeryt@naver.com>
Date:   Thu Mar 23 18:07:20 2017 -0500

    update commits

commit 8754023963f2dc607164d2c1d4eb116fa44874a9
Author: Grecia Reyna <Grecia@Grecias-MacBook-Pro.local>
Date:   Thu Mar 23 18:03:29 2017 -0500

    test

commit e85f1c42dd08ee399ea8b2a9b899365218873b2d
Merge: 41088a7 dca49ec
Author: Rin <pomeryt@naver.com>
Date:   Thu Mar 23 17:45:52 2017 -0500

    Merge branch 'about'

commit dca49ecb51b1c3d3533e996410b6593b417e3ec1
Author: Rin <pomeryt@naver.com>
Date:   Thu Mar 23 17:45:34 2017 -0500

    added links of tools

commit 41088a7135794995696a1320bcd40275b20e9a08
Author: Grecia Reyna <Grecia@Grecias-MacBook-Pro.local>
Date:   Thu Mar 23 17:36:25 2017 -0500

    Added hyperlinks to Country pages

commit 50924d5c8e984e83a5eda4e4d3bc4c124b2c7cff
Author: Rin <pomeryt@naver.com>
Date:   Thu Mar 23 17:29:30 2017 -0500

    set group name as loopy toons

commit d6b14326f2a4f69848246f57f4d20fda4f298f10
Author: Rin <pomeryt@naver.com>
Date:   Thu Mar 23 17:28:08 2017 -0500

    completed the bios

commit 0c326d743cdffcb962b94070b5d4aae148691bc1
Author: Rin <pomeryt@naver.com>
Date:   Thu Mar 23 17:10:25 2017 -0500

    fixed bug: extension of image

commit e22a4e1efbe548f964f651650bfc901c68ed1f59
Merge: 9d5eb84 88febcf
Author: Rin <pomeryt@naver.com>
Date:   Thu Mar 23 17:01:40 2017 -0500

    Merge branch 'master' of https://github.com/cb38335/cb38335.github.io

commit 9d5eb84f00679de8e05106216886af598e7f3296
Author: Rin <pomeryt@naver.com>
Date:   Thu Mar 23 17:01:17 2017 -0500

    fixed bug: broken code

commit 88febcfc99cb8d9ee3496bda5bc240965c90a346
Author: Grecia Reyna <Grecia@Grecias-MacBook-Pro.local>
Date:   Thu Mar 23 16:53:26 2017 -0500

    Added hyperlinks to Aniamtor pages.

commit 5aff095efb0bc95379624930cea385ced57d80ef
Merge: 2701628 c574573
Author: Rin <pomeryt@naver.com>
Date:   Thu Mar 23 16:52:14 2017 -0500

    added photo

commit c57457376bfaea517267535b252d1eb825019556
Author: Rin <pomeryt@naver.com>
Date:   Thu Mar 23 16:48:42 2017 -0500

    added picture of chaquette

commit c4f5ef33d6bdde689bd3ff162b0aac446acad1cc
Author: Chaquette Blanks <chaquetteblanks@utexas.edu>
Date:   Thu Mar 23 12:40:34 2017 -0500

    added hyperlink to Cartoon pages

commit b855d911cedc89ea920af69fe47d0d67cf1c1397
Author: Chaquette Blanks <chaquetteblanks@utexas.edu>
Date:   Thu Mar 23 02:16:20 2017 -0500

    small change to mistake in Simpsons page

commit 9045ca061320f70305118957d65012a5cc41f3ec
Merge: c9abdad 2701628
Author: Chaquette Blanks <chaquetteblanks@utexas.edu>
Date:   Thu Mar 23 02:11:09 2017 -0500

    Merge branch 'master' of https://github.com/cb38335/cb38335.github.io

commit c9abdad9b1cabf94ef601f4935500950d9fc2ae4
Author: Chaquette Blanks <chaquetteblanks@utexas.edu>
Date:   Thu Mar 23 02:07:36 2017 -0500

    final changes to Cartoon pages

commit 2701628256da4b509acfa5c3a4c2ac147907c0b3
Author: Rin <pomeryt@naver.com>
Date:   Thu Mar 23 01:15:03 2017 -0500

    fixed bug not showing image

commit 1e99b4cb75123d44336ea77103e1aa9f6a1b2692
Author: Rin <pomeryt@naver.com>
Date:   Thu Mar 23 01:09:25 2017 -0500

    update about

commit 08e7e622396de0601154c131d2c0edc107f5d592
Author: Rin <pomeryt@naver.com>
Date:   Wed Mar 22 23:56:33 2017 -0500

    applied stylesheets to about page

commit 942f91b031c307fdd797d5947abf656998414c52
Merge: da1c8dc 800852f
Author: cb38335 <chaquetteblanks@utexas.edu>
Date:   Wed Mar 22 21:44:01 2017 -0500

    Merge pull request #21 from cb38335/Cartoon
    
    Cartoon

commit 800852f2f4542925ea1d912d2d0e9a3695dd6179
Merge: 5600ccf 4a83ca5
Author: Chaquette Blanks <chaquetteblanks@utexas.edu>
Date:   Wed Mar 22 21:43:01 2017 -0500

    updating Cartoon branch

commit da1c8dc98beeb848faed729eca3cc202743e4542
Author: Grecia Reyna <Grecia@wireless-10-146-136-14.public.utexas.edu>
Date:   Wed Mar 22 21:10:20 2017 -0500

    test

commit 64ca35b40987be39303140ebc8d1b8dd9f3c5437
Author: Grecia Reyna <Grecia@wireless-10-146-136-14.public.utexas.edu>
Date:   Wed Mar 22 21:08:06 2017 -0500

    test

commit 93afec7642cb735d55fdb084e4bcf88066e6670d
Author: Grecia Reyna <Grecia@wireless-10-146-136-14.public.utexas.edu>
Date:   Wed Mar 22 21:06:51 2017 -0500

    test

commit 95a2001a4803706b1fbc38d8221a0feba28be3e6
Author: Grecia Reyna <Grecia@wireless-10-146-136-14.public.utexas.edu>
Date:   Wed Mar 22 20:56:18 2017 -0500

    Fixed Animator Table Column Headings

commit 68c4e13ec036f06f4b676b5010888dcb75f8fddd
Author: Grecia Reyna <Grecia@wireless-10-145-211-15.public.utexas.edu>
Date:   Wed Mar 22 19:34:54 2017 -0500

    Changed background color.

commit 932996ed456f4db1310c65f7e5dacaf61cc2e9cb
Author: danielvuong7 <danielvuong7@gmail.com>
Date:   Thu Mar 23 09:04:24 2017 +0900

    Changed background color of pages.

commit d0d3107cde8ddaed00a9995699cc17d45b247c7f
Author: danielvuong7 <danielvuong7@gmail.com>
Date:   Thu Mar 23 09:01:34 2017 +0900

    Changed css file

commit e30671a2b84b37deeefdb3764a286e18a8e4cc52
Author: danielvuong7 <danielvuong7@gmail.com>
Date:   Thu Mar 23 08:59:39 2017 +0900

    Changed css file

commit c1df0095307eb757f72cc92e4c2f3ec4376d9cdd
Merge: 59fe596 7961e2b
Author: Beom Kim <pomeryt@cs.utexas.edu>
Date:   Wed Mar 22 19:00:13 2017 -0500

    Merge branch 'master' of https://github.com/cb38335/cb38335.github.io

commit 59fe5960877fba1339e156a3a4b6ea7eb8d2ef2a
Author: Beom Kim <pomeryt@cs.utexas.edu>
Date:   Wed Mar 22 19:00:00 2017 -0500

    changed color of naviationbar

commit 7961e2b6dbc785a4c8fc153892ed133448b7c908
Author: danielvuong7 <danielvuong7@gmail.com>
Date:   Thu Mar 23 08:55:55 2017 +0900

    Changed css file

commit 6770837492e5a6a11f403d321216d0d8948ba1ea
Author: danielvuong7 <danielvuong7@gmail.com>
Date:   Thu Mar 23 08:53:11 2017 +0900

    Modified css file for main pages.

commit 4a83ca5dad57b325a803628aa8825a912818a2f1
Merge: ebc0794 24325ee
Author: Chaquette Blanks <chaquetteblanks@utexas.edu>
Date:   Wed Mar 22 18:52:08 2017 -0500

    Merge branch 'master' of https://github.com/cb38335/cb38335.github.io

commit ebc07947a00c2857cf78fcd8780b9a7ba9ee02b7
Merge: 7aa12de 527ec5d
Author: Chaquette Blanks <chaquetteblanks@utexas.edu>
Date:   Wed Mar 22 18:50:06 2017 -0500

    Merge branch 'master' of https://github.com/cb38335/cb38335.github.io

commit 24325eebdd220edf66b9be5306eecab31d2cbce5
Author: danielvuong7 <danielvuong7@gmail.com>
Date:   Thu Mar 23 08:48:37 2017 +0900

    Added navigation bar.

commit 7aa12de0b0ce038fa89c7ffd75c21ab4e8c35f7d
Author: Chaquette Blanks <chaquetteblanks@utexas.edu>
Date:   Wed Mar 22 18:48:21 2017 -0500

    added navigator to pages

commit 527ec5d9cd4681b8a1a2e0ceab5375bff7b72de0
Merge: 94f6965 b09e6ca
Author: Grecia Reyna <Grecia@wireless-10-147-169-58.public.utexas.edu>
Date:   Wed Mar 22 18:47:39 2017 -0500

    Merge branch 'master' of https://github.com/cb38335/cb38335.github.io

commit 94f69655b6a177f388563a6aa4c376f660b9e9f7
Author: Grecia Reyna <Grecia@wireless-10-147-169-58.public.utexas.edu>
Date:   Wed Mar 22 18:44:48 2017 -0500

    added navigation bar to Animator pages

commit b09e6ca248f57b657ac6a40929a060874e44de1d
Merge: fc0468c 2cbae9d
Author: Beom Kim <pomeryt@cs.utexas.edu>
Date:   Wed Mar 22 18:43:36 2017 -0500

    Merge branch 'master' of https://github.com/cb38335/cb38335.github.io

commit 2cbae9d3264f71699cfc65130e532d607f924f26
Merge: 0743852 da08e0a
Author: caa2783 <christian.atayde@utexas.edu>
Date:   Wed Mar 22 18:43:14 2017 -0500

    Merge branch 'master' of https://github.com/cb38335/cs329e-idb

commit fc0468c9104977c9f781ffec86cc42c186506c42
Merge: 55a43e7 da08e0a
Author: Beom Kim <pomeryt@cs.utexas.edu>
Date:   Wed Mar 22 18:42:45 2017 -0500

    Merge branch 'master' of https://github.com/cb38335/cb38335.github.io

commit 55a43e7a79fcafc976a03a32df285dc64814cca5
Author: Beom Kim <pomeryt@cs.utexas.edu>
Date:   Wed Mar 22 18:42:31 2017 -0500

    added home tab

commit 07438522a2cd6e4f169c6f9cf7a0fa328f506179
Author: caa2783 <christian.atayde@utexas.edu>
Date:   Wed Mar 22 18:42:09 2017 -0500

    Included navigator on CountryOfOrigin pages.

commit da08e0ac0dfc8970cea6412c26da5e4005047d14
Author: danielvuong7 <danielvuong7@gmail.com>
Date:   Thu Mar 23 08:38:28 2017 +0900

    Editted all hyperlinks.

commit bfad425ba6767a420921b32aeffef8a4385f99ca
Author: danielvuong7 <danielvuong7@gmail.com>
Date:   Thu Mar 23 08:35:48 2017 +0900

    Editted image filepaths again.

commit 65eca24d2890bf0e47b6939818bedfef6e57724d
Author: danielvuong7 <danielvuong7@gmail.com>
Date:   Thu Mar 23 08:31:23 2017 +0900

    Editted filepaths for images.

commit 05e58f39fe6af36b2e68ca3afa14605038086e46
Author: Beom Kim <pomeryt@cs.utexas.edu>
Date:   Wed Mar 22 18:24:16 2017 -0500

    linked all mains

commit a602a70fc3018e95e0f10758aee56099f214ad95
Author: Beom Kim <pomeryt@cs.utexas.edu>
Date:   Wed Mar 22 18:17:10 2017 -0500

    sorted

commit fbcbfa259853f1a57a9573b2b54f6e69f35f20c0
Author: Beom Kim <pomeryt@cs.utexas.edu>
Date:   Wed Mar 22 18:06:16 2017 -0500

    sorted country of origin

commit 241d0c8adbec90effe4e60620c820260569c93e6
Merge: bc56f44 b886a67
Author: Chaquette Blanks <chaquetteblanks@utexas.edu>
Date:   Wed Mar 22 18:00:19 2017 -0500

    Merge branch 'master' of https://github.com/cb38335/cb38335.github.io

commit bc56f44bd234e2ca03bfc86953e6b8f377c0a386
Author: Chaquette Blanks <chaquetteblanks@utexas.edu>
Date:   Wed Mar 22 17:59:58 2017 -0500

    deleted unneccesary files

commit b886a67e39c10b5837807cbdf7b7fce483afa21c
Merge: 8ad2a54 8a52a82
Author: Beom Kim <pomeryt@cs.utexas.edu>
Date:   Wed Mar 22 17:45:51 2017 -0500

    Merge branch 'master' of https://github.com/cb38335/cb38335.github.io
    
    test

commit 8ad2a54acd09c4777061107b54ea339dae1ffecf
Author: Beom Kim <pomeryt@cs.utexas.edu>
Date:   Wed Mar 22 17:45:28 2017 -0500

    fixed navigator

commit 8a52a82ac296353283b59c4e9668b43286a8bb92
Author: danielvuong7 <danielvuong7@gmail.com>
Date:   Thu Mar 23 07:40:09 2017 +0900

    Fixed images

commit 23b19e1f3fd4bbd079d49b2dc8f06279e45e15de
Author: danielvuong7 <danielvuong7@gmail.com>
Date:   Thu Mar 23 07:31:04 2017 +0900

    Fixed hyperlinks

commit 0dca9ac210ac52396317c6eb27073de82446ff5d
Author: danielvuong7 <danielvuong7@gmail.com>
Date:   Thu Mar 23 07:27:04 2017 +0900

    Added hyperlinks

commit d112dffe4330467554afd98a38428b1c4da91306
Author: Chaquette Blanks <chaquetteblanks@utexas.edu>
Date:   Wed Mar 22 17:26:29 2017 -0500

    folder

commit 5600ccf582dabc8c0ac921f4fc05ed62049dc3d6
Author: Chaquette Blanks <chaquetteblanks@utexas.edu>
Date:   Wed Mar 22 17:23:19 2017 -0500

    Cartoon folder

commit 515d6976d553c000776fc8d4c86944e6aaa87725
Author: danielvuong7 <danielvuong7@gmail.com>
Date:   Thu Mar 23 07:14:36 2017 +0900

    Add main pages to master.

commit 8035e3e474c97545622770f2699ed00268a32d9d
Author: Grecia Reyna <Grecia@wireless-10-147-169-58.public.utexas.edu>
Date:   Wed Mar 22 17:04:20 2017 -0500

    Added Animator Pages

commit 1e7c770c1f7f4d31009ba37d273ce7437a0a1d59
Merge: a099b9b 253d868
Author: caa2783 <christian.atayde@utexas.edu>
Date:   Wed Mar 22 16:59:51 2017 -0500

    Merge branch 'CountryofOrigin'

commit a099b9b02650ed7e40e31abb2a94dd233f51157a
Merge: f638ccd 530cd3f
Author: Chaquette Blanks <chaquetteblanks@utexas.edu>
Date:   Wed Mar 22 16:55:37 2017 -0500

    Merge branch 'master' of https://github.com/cb38335/cb38335.github.io

commit 253d868c4c376b6896bc5a3ce96bf14377d52827
Merge: 1065b74 530cd3f
Author: caa2783 <christian.atayde@utexas.edu>
Date:   Wed Mar 22 16:53:19 2017 -0500

    Merge branch 'master' of https://github.com/cb38335/cs329e-idb into CountryofOrigin

commit 530cd3f144364b3d71152295617cd683d4b014b2
Author: Beom Kim <pomeryt@cs.utexas.edu>
Date:   Wed Mar 22 16:49:28 2017 -0500

    setted about page

commit f638ccde4af288b049afa7495b20a4b3989ad54f
Author: Chaquette Blanks <chaquetteblanks@utexas.edu>
Date:   Wed Mar 22 16:46:47 2017 -0500

    rough draft of cartoon pages

commit e7daad70e56248c2f8ce1a5482416abd52d174e5
Author: Beom Kim <pomeryt@cs.utexas.edu>
Date:   Wed Mar 22 16:36:38 2017 -0500

    imported nagivator

commit e4ae231e56fe4f3a8eaa009d92d11dd9ad464126
Author: Beom Kim <pomeryt@cs.utexas.edu>
Date:   Wed Mar 22 16:34:50 2017 -0500

    fixed navigator problem

commit f484229183b8a69189b43a2eb72bfef589d1b69c
Author: Beom Kim <pomeryt@cs.utexas.edu>
Date:   Wed Mar 22 15:53:09 2017 -0500

    added background image in splash page

commit 1065b74cee51e5d0f6e9571756a26019edf52270
Author: caa2783 <christian.atayde@utexas.edu>
Date:   Wed Mar 22 11:28:15 2017 -0500

    Initial html with corresponding images for three countries.

commit e2711d1b980da666012ab39590596b8ae444e3ad
Author: Rin <pomeryt@naver.com>
Date:   Wed Mar 22 07:02:30 2017 -0500

    initial splash html file

commit 126f73f0b7c05978217b47341e708c9a6e266083
Author: Rin <pomeryt@naver.com>
Date:   Tue Mar 21 20:27:32 2017 -0500

    added some comments

commit 889a571f1827004fa588cc374dbf9865a80f567f
Author: Rin <pomeryt@naver.com>
Date:   Tue Mar 21 20:20:08 2017 -0500

    included topNavigator.css in index.html

commit cb268c06cdda86510e7eb7232f40f09b2d6c6aa3
Author: Rin <pomeryt@naver.com>
Date:   Tue Mar 21 20:16:09 2017 -0500

    initial topNavigator.css

commit e25c0118b52025b1d5b9ed585ed74c0d9f927a15
Author: Rin <pomeryt@naver.com>
Date:   Tue Mar 21 20:15:38 2017 -0500

    deleted topNavigator.html

commit 4966c3fbb988a0c6db1cc4ca205c992aaeaa9d15
Author: Rin <pomeryt@naver.com>
Date:   Tue Mar 21 19:15:07 2017 -0500

    built structure of top navigator in the splash folder

commit 17097416600ee9d0f841e6fef9c0342199d89efc
Author: Rin <pomeryt@naver.com>
Date:   Tue Mar 21 18:31:47 2017 -0500

    built structure of top navigator

commit 74f934d905c285e3c8de9af8c16181be4396df6c
Author: Rin <pomeryt@naver.com>
Date:   Tue Mar 21 18:24:30 2017 -0500

    created dummy page as a placeholder

commit 1c3f44792b63f45b11c7352ca1b492c8cc9ce4bc
Author: Rin <pomeryt@naver.com>
Date:   Tue Mar 21 17:49:43 2017 -0500

    initial CNAME

commit 54d25d6b8e2fe36d7445155c498d023632165e73
Merge: b19ef3f 67ffba5
Author: Rin <pomeryt@naver.com>
Date:   Tue Mar 21 16:44:30 2017 -0500

    Merge branch 'master' into gh-pages

commit 67ffba557886d71311f0052f3cc4991b029f0ac9
Author: cb38335 <chaquetteblanks@utexas.edu>
Date:   Tue Mar 21 15:17:17 2017 -0500

    Delete CNAME

commit b19ef3f4c1242a62f834a6448b10120de49eb422
Author: cb38335 <chaquetteblanks@utexas.edu>
Date:   Tue Mar 21 13:43:55 2017 -0500

    Delete CNAME

commit a03c69aa57e7cd6121ba46ac8e86c7b6b5f1099f
Author: cb38335 <chaquetteblanks@utexas.edu>
Date:   Tue Mar 21 13:43:06 2017 -0500

    Update CNAME

commit b0b43c5175eab02f6acb2728dbf9bda4cfe79a10
Author: cb38335 <chaquetteblanks@utexas.edu>
Date:   Tue Mar 21 13:42:16 2017 -0500

    Create CNAME
    
    Testing domain.

commit e8859b9f16f60424b3f1f6c50fd50ec131774ca0
Author: cb38335 <chaquetteblanks@utexas.edu>
Date:   Tue Mar 21 12:37:29 2017 -0500

    Create CNAME

commit f820d7ae0909745f49bf4f3452fc0f3e9b4097fc
Merge: ab9fe8d 7985da7
Author: cb38335 <chaquetteblanks@utexas.edu>
Date:   Tue Mar 21 12:33:29 2017 -0500

    Merge pull request #19 from cb38335/gh-pages
    
    Delete CNAME

commit ab9fe8dfb9d84390bc905b9fa96d55a410e0cdae
Merge: 97346d6 b031176
Author: cb38335 <chaquetteblanks@utexas.edu>
Date:   Tue Mar 21 12:33:02 2017 -0500

    Merge pull request #17 from cb38335/CountryofOrigin
    
    Delete CNAME

commit 97346d6915d117b4fe8c2f1b2c3a65ade7047606
Merge: fc3815d 62a0bed
Author: cb38335 <chaquetteblanks@utexas.edu>
Date:   Tue Mar 21 12:32:30 2017 -0500

    Merge pull request #18 from cb38335/dev
    
    Delete CNAME

commit 62a0bed1883196bf0dace40815e0cf35aa472e46
Author: cb38335 <chaquetteblanks@utexas.edu>
Date:   Tue Mar 21 12:30:38 2017 -0500

    Delete CNAME

commit b0311764d97212ef072e8c297689e08dd58679c4
Author: cb38335 <chaquetteblanks@utexas.edu>
Date:   Tue Mar 21 12:30:25 2017 -0500

    Delete CNAME

commit 7985da78c0ded433891d4ecbb954d27855bb1615
Author: cb38335 <chaquetteblanks@utexas.edu>
Date:   Tue Mar 21 12:30:08 2017 -0500

    Delete CNAME

commit fc3815d4d1ed72a099072cec899a0858a4c552f9
Author: cb38335 <chaquetteblanks@utexas.edu>
Date:   Tue Mar 21 12:29:57 2017 -0500

    Delete CNAME

commit a20b4f5e28d809ec16c73b77fcf7c0d52b662d44
Author: cb38335 <chaquetteblanks@utexas.edu>
Date:   Tue Mar 21 12:28:29 2017 -0500

    Create CNAME

commit f487dfa09ab95f531c103b53d41cbc9e5cf6f073
Author: cb38335 <chaquetteblanks@utexas.edu>
Date:   Tue Mar 21 12:28:04 2017 -0500

    Delete CNAME

commit d5bf88f11cba3f792a68f59aed9ddad70aa70c46
Author: cb38335 <chaquetteblanks@utexas.edu>
Date:   Tue Mar 21 12:26:46 2017 -0500

    Update CNAME

commit 6943355ee295b3da8e953626afda40bc10235692
Author: Rin <pomeryt@naver.com>
Date:   Mon Mar 20 20:48:16 2017 -0500

    initial CNAME

commit 2194500e32a6d6aee0877202270bc1b770427064
Author: Beom Kim <pomeryt@cs.utexas.edu>
Date:   Mon Mar 20 16:52:05 2017 -0500

    test commit

commit a7bff5f170783cc39b66c21141112f4b5da0448c
Author: Beom Kim <pomeryt@cs.utexas.edu>
Date:   Mon Mar 20 16:45:25 2017 -0500

    initial index.html

commit 3191a960ad5604cf9aa1cdd1da63388059ba007a
Author: greciareyna <greciareyna@utexas.edu>
Date:   Mon Mar 20 16:26:17 2017 -0500

    Update README.md

commit 097f208bcf9ba7e7bb3dadb8305a95bba9035fb5
Author: cb38335 <chaquetteblanks@utexas.edu>
Date:   Mon Mar 20 16:22:16 2017 -0500

    Initial commit
