commit fb112cd609eaae47eafc73c9de023dabc3e81cd5
Author: Rin <pomeryt@naver.com>
Date:   Thu Apr 6 18:43:48 2017 -0500

    fixed extension

commit 1303997be6ff1a7b3aba7681023f46c93f8f9d1f
Author: Rin <pomeryt@naver.com>
Date:   Thu Apr 6 18:42:01 2017 -0500

    applied bootstrap for profile pictures

commit 2d92c23351fb05432639955c1309263cf77129f5
Author: Rin <pomeryt@naver.com>
Date:   Thu Apr 6 18:01:52 2017 -0500

    added bootstrap slide show in splash page

commit 8fdb23b31c063ef1bb120fc31583198268b897ae
Author: Rin <pomeryt@naver.com>
Date:   Wed Apr 5 23:09:30 2017 -0500

    feature: sort in terms of integers

commit 338604f34e4bafb9679750a62ca1e8fbd438ed4e
Author: Rin <pomeryt@naver.com>
Date:   Wed Apr 5 21:09:34 2017 -0500

    fixed a missing line

commit 060fdacd4fa867011ae980d7d3f0a9c9b26dde50
Author: Beom Kim <pomeryt@cs.utexas.edu>
Date:   Wed Apr 5 18:35:20 2017 -0500

    fixed bug: remove library

commit 050caee3115b7b1a8b4b49ca1f94b3bcca3b05dd
Author: Beom Kim <pomeryt@cs.utexas.edu>
Date:   Wed Apr 5 18:23:12 2017 -0500

    fixed bug: navigator

commit a9fbf8bf8228b215271803fa67d5feb42eb2d1ed
Author: Beom Kim <pomeryt@cs.utexas.edu>
Date:   Wed Apr 5 18:20:34 2017 -0500

    backed to the past

commit 8418b28b29da9e211bcabdf5edc2fae72d65bfcb
Merge: cf38e09 c62f6c4
Author: Beom Kim <pomeryt@cs.utexas.edu>
Date:   Wed Apr 5 18:12:22 2017 -0500

    Merge branch 'master' of https://github.com/cb38335/cb38335.github.io

commit cf38e093c833dbd5a5f525f3eb63440a70eee39c
Author: Beom Kim <pomeryt@cs.utexas.edu>
Date:   Wed Apr 5 18:11:46 2017 -0500

    fixed bug: previous pointer

commit c62f6c465cef9d458420924bcf6dc5cfe20c23a2
Author: caa2783 <christian.atayde@utexas.edu>
Date:   Wed Apr 5 18:08:22 2017 -0500

    no message

commit 02e412bb170333170693c057f475be8a5cfe3fb8
Merge: 703f30f 26e6e3f
Author: caa2783 <christian.atayde@utexas.edu>
Date:   Wed Apr 5 18:06:29 2017 -0500

    Merge branch 'master' of https://github.com/cb38335/cs329e-idb
    
    # Conflicts:
    #	Mains/country-main.html
    #	Mains/country-main2.html

commit 703f30f3afc83de0ad8ea353daefd9fd74dd515e
Author: caa2783 <christian.atayde@utexas.edu>
Date:   Wed Apr 5 18:04:53 2017 -0500

    Changed country mains to backup.

commit 26e6e3fedd2f6cd0157f3b3e9f330ba6e6134917
Merge: f25d2fd 0814d17
Author: Chaquette Blanks <chaquetteblanks@utexas.edu>
Date:   Wed Apr 5 17:50:25 2017 -0500

    idk

commit 0814d177d411282c7f274aa2deec6d66b46d4ad2
Author: Grecia Reyna <Grecia@wireless-10-147-146-38.public.utexas.edu>
Date:   Wed Apr 5 17:48:25 2017 -0500

    fixed hyperlinks

commit f25d2fd81c71a5f601bc151f81a815587eb04b98
Author: Chaquette Blanks <chaquetteblanks@utexas.edu>
Date:   Wed Apr 5 17:47:26 2017 -0500

    webflow in png

commit 3cfacebcc9501cbf253a71ea903565af159831e6
Merge: 4550797 7899431
Author: Grecia Reyna <Grecia@wireless-10-147-146-38.public.utexas.edu>
Date:   Wed Apr 5 17:41:01 2017 -0500

    Merge branch 'master' of https://github.com/cb38335/cb38335.github.io
    Changed last column for Cartoon Main Table.

commit 4550797dfa252c361715cd8a05c302bb08afce74
Author: Grecia Reyna <Grecia@wireless-10-147-146-38.public.utexas.edu>
Date:   Wed Apr 5 17:40:43 2017 -0500

    changed column in Cartoon table

commit 3a887ac3ee3d39586e7c5e4bf2e5341798d9c905
Author: Grecia Reyna <Grecia@wireless-10-147-146-38.public.utexas.edu>
Date:   Wed Apr 5 17:38:48 2017 -0500

    changed column in Cartoon Table

commit 78994314085dbec62ce0ac9b4363ca73e7770db1
Author: Chaquette Blanks <chaquetteblanks@utexas.edu>
Date:   Wed Apr 5 17:36:29 2017 -0500

    flow/web graph for navigation in features

commit 3efebfeb037ec66729af80fd4b2c3d2e7ee2bcce
Author: Chaquette Blanks <chaquetteblanks@utexas.edu>
Date:   Wed Apr 5 17:14:39 2017 -0500

    fixed small mistake in hyperlink

commit a57686cb8d8d19e587d0fbc9e4e82b6e95606c38
Merge: 4364abb 5ca9272
Author: Chaquette Blanks <chaquetteblanks@utexas.edu>
Date:   Wed Apr 5 17:12:22 2017 -0500

    fixed and added hyperlinks

commit 4364abbdf1a52d2307f565c32c71872ea72d8fbd
Author: Chaquette Blanks <chaquetteblanks@utexas.edu>
Date:   Wed Apr 5 17:11:34 2017 -0500

    fixed and added hyperlinks

commit 5ca9272108a5c7dfbc41eb9f1a700d37f78111c2
Author: Grecia Reyna <Grecia@wireless-10-147-146-38.public.utexas.edu>
Date:   Wed Apr 5 17:06:20 2017 -0500

    updated sorting arrows

commit ad61687defd70269fd74bfeabf03ae61631446cd
Author: Grecia Reyna <Grecia@wireless-10-147-146-38.public.utexas.edu>
Date:   Wed Apr 5 17:01:52 2017 -0500

    fixed hyperlink

commit c69913e2f08a393d264f92c6b1086da8f677e446
Author: Grecia Reyna <Grecia@wireless-10-147-146-38.public.utexas.edu>
Date:   Wed Apr 5 16:59:05 2017 -0500

    fixed hyperlink

commit e24b5d98e38ac395faa6bee4bfd762e76eec014b
Merge: 4e34a81 b458825
Author: Chaquette Blanks <chaquetteblanks@utexas.edu>
Date:   Wed Apr 5 16:56:05 2017 -0500

    changes to the main page

commit 4e34a818dab3ed67226f3f871b4eff755be224c1
Author: Chaquette Blanks <chaquetteblanks@utexas.edu>
Date:   Wed Apr 5 16:55:10 2017 -0500

    mistakes in main pages

commit b4588258a7f057550981949ab632e6c5acc37419
Author: Grecia Reyna <Grecia@wireless-10-147-146-38.public.utexas.edu>
Date:   Wed Apr 5 16:52:45 2017 -0500

    added sorting to creator pages

commit adeba6aa1c90fac7d0f5790cd9625bcf0abe68aa
Merge: 0476f6a 285d799
Author: Beom Kim <pomeryt@cs.utexas.edu>
Date:   Wed Apr 5 16:47:43 2017 -0500

    Merge branch 'master' of https://github.com/cb38335/cb38335.github.io

commit 0476f6ac97f5e690b73adda45df16282957c19d5
Merge: ea24f28 e4fcce4
Author: Beom Kim <pomeryt@cs.utexas.edu>
Date:   Wed Apr 5 16:47:03 2017 -0500

    Merge branch 'dev'

commit e4fcce42815415e2d9cf22a2ff876d26cc7156cf
Author: Beom Kim <pomeryt@cs.utexas.edu>
Date:   Wed Apr 5 16:46:40 2017 -0500

    fixed bug: changed innerHTML to innerText

commit 285d799c8c4317b591416d72e2a65b3314b50de9
Author: caa2783 <christian.atayde@utexas.edu>
Date:   Wed Apr 5 16:35:51 2017 -0500

    no message

commit 658f12f2a96677b3973a7bb35df49578c1002c16
Author: caa2783 <christian.atayde@utexas.edu>
Date:   Wed Apr 5 16:33:46 2017 -0500

    Added Rin's sort into country main pages.

commit 30259618da385bbdcd2402f0f94bf24de71c61e1
Merge: 13b3f7a e9fe254
Author: caa2783 <christian.atayde@utexas.edu>
Date:   Wed Apr 5 16:25:21 2017 -0500

    Merge branch 'master' of https://github.com/cb38335/cs329e-idb

commit 13b3f7a6f44cbdb66dea255512133351f77de3dc
Author: caa2783 <christian.atayde@utexas.edu>
Date:   Wed Apr 5 16:25:07 2017 -0500

    Fixed caption on carousel pictures for Country of Origin files.

commit e9fe254c99ad356b4af6acada699cd0215e8e381
Merge: 88b99da ea24f28
Author: Chaquette Blanks <chaquetteblanks@utexas.edu>
Date:   Wed Apr 5 16:14:26 2017 -0500

    new files

commit 88b99da1985622e441ebfcd393dd4bbc32887b5d
Merge: 7b44b52 c44062e
Author: Chaquette Blanks <chaquetteblanks@utexas.edu>
Date:   Wed Apr 5 16:13:48 2017 -0500

    changes to cartoon branch

commit c44062e233051eb417a822f357b6a5c5c1d035f5
Author: Chaquette Blanks <chaquetteblanks@utexas.edu>
Date:   Wed Apr 5 16:12:05 2017 -0500

    small changes to typos

commit ea24f28a5f72b28cc0983273d656c9bcfa78008b
Merge: 08293d1 51876ba
Author: caa2783 <christian.atayde@utexas.edu>
Date:   Wed Apr 5 06:35:29 2017 -0500

    Merge branch 'master' of https://github.com/cb38335/cs329e-idb

commit 08293d1b64d0c8778bb161110e7c2c00c6efb5d4
Author: caa2783 <christian.atayde@utexas.edu>
Date:   Wed Apr 5 06:35:18 2017 -0500

    Fixed references in the country of origin main pages.

commit 51876babf2e472894320895757e7a412a4b7c8fe
Author: Rin <pomeryt@naver.com>
Date:   Wed Apr 5 02:25:08 2017 -0500

    sortable table

commit fd4aad1052d10b6d094430876463e39b258b8c0d
Author: caa2783 <christian.atayde@utexas.edu>
Date:   Tue Apr 4 20:45:49 2017 -0500

    Fixed arch image in USA slideshow.

commit 1d395bbee575bb825c73c7fa8e984953310f0ea6
Merge: 5b6c5eb 94b9626
Author: caa2783 <christian.atayde@utexas.edu>
Date:   Tue Apr 4 20:40:32 2017 -0500

    Merge branch 'master' of https://github.com/cb38335/cs329e-idb

commit 5b6c5eba85600abc201db61b2f03b1e9974ccd6d
Author: caa2783 <christian.atayde@utexas.edu>
Date:   Tue Apr 4 20:40:24 2017 -0500

    Added references to other pages in image display.

commit 94b962660bb2397769b3a9016a11246fb40eedc0
Author: Grecia Reyna <Grecia@Grecias-MacBook-Pro.local>
Date:   Tue Apr 4 20:23:16 2017 -0500

    fixed broken hyperlinks

commit a0ca7c6d6a314fd1162f0d49ef13cb5b98ae44be
Author: Grecia Reyna <Grecia@Grecias-MacBook-Pro.local>
Date:   Tue Apr 4 20:19:56 2017 -0500

    fixed broken hyperlinks

commit 748000f1428dd5f59dfe9de25ea6884d270be665
Author: Grecia Reyna <Grecia@Grecias-MacBook-Pro.local>
Date:   Tue Apr 4 20:16:39 2017 -0500

    updated files names

commit 05f6d62ca53804158290f07c5ead9d102c74c296
Merge: 10e429a fc85f5f
Author: caa2783 <christian.atayde@utexas.edu>
Date:   Tue Apr 4 20:13:47 2017 -0500

    Merge branch 'master' of https://github.com/cb38335/cs329e-idb

commit 10e429acf2ff631a7058462cb4f14e108ea0df43
Author: caa2783 <christian.atayde@utexas.edu>
Date:   Tue Apr 4 20:13:42 2017 -0500

    Added ability to click on Arthur with Canada.

commit fc85f5fcc2cf31db24b4f6f950ac9bdce5b46d35
Author: Grecia Reyna <Grecia@Grecias-MacBook-Pro.local>
Date:   Tue Apr 4 20:05:42 2017 -0500

    fixed country hyperlink

commit 179779bee238de79b221b72db9b18bd263c94af1
Author: Grecia Reyna <Grecia@Grecias-MacBook-Pro.local>
Date:   Tue Apr 4 20:02:54 2017 -0500

    added hyperlinks to cartoon main pages

commit 5634faecdd140397f97d3aee1c755fbc03cec981
Author: Grecia Reyna <Grecia@Grecias-MacBook-Pro.local>
Date:   Tue Apr 4 19:53:57 2017 -0500

    renamed animator tab to creator

commit 969f0d9d130726459593c009e2959d1bd311774f
Merge: d5d103f 036a91e
Author: caa2783 <christian.atayde@utexas.edu>
Date:   Tue Apr 4 19:47:42 2017 -0500

    Merge branch 'master' of https://github.com/cb38335/cs329e-idb

commit d5d103f5b648ceb38b5f9ff986ef9bc582b7a25e
Author: caa2783 <christian.atayde@utexas.edu>
Date:   Tue Apr 4 19:47:33 2017 -0500

    Pre-final update for countries of origin.

commit 036a91ee078e9c28b122408b8841273b97d6a1a5
Author: Grecia Reyna <Grecia@Grecias-MacBook-Pro.local>
Date:   Tue Apr 4 19:41:34 2017 -0500

    added bios to animator pages

commit 072e3f1d32a6d7498d4bc82dfb18755c741ad38e
Merge: d438b1d a30b73a
Author: caa2783 <christian.atayde@utexas.edu>
Date:   Tue Apr 4 19:12:36 2017 -0500

    Merge branch 'master' of https://github.com/cb38335/cs329e-idb

commit d438b1de3edffc1f4e7cfb6493bd9f6ef1afa0fe
Author: caa2783 <christian.atayde@utexas.edu>
Date:   Tue Apr 4 19:12:20 2017 -0500

    Added pictures for slideshows in countries of origin.

commit a30b73ad63b0e7fa8fd604a77d8dd60da29ca4d3
Author: Grecia Reyna <Grecia@Grecias-MacBook-Pro.local>
Date:   Tue Apr 4 18:58:37 2017 -0500

    localized images for animator pages

commit b3ff366e3da0104792a0089e18b03e810db46735
Author: caa2783 <christian.atayde@utexas.edu>
Date:   Tue Apr 4 18:41:23 2017 -0500

    Changed displayed of all the countries of origin and added more countries.

commit 2f1eda6bc85492a1a175eafd80bd0cb66f087055
Author: caa2783 <christian.atayde@utexas.edu>
Date:   Tue Apr 4 15:27:07 2017 -0500

    no message

commit 5565a9136fc49756484a8bda846a4f0f8ac655e6
Author: caa2783 <christian.atayde@utexas.edu>
Date:   Tue Apr 4 13:57:23 2017 -0500

    Fixed image display issue on Japan.

commit 0831fcf4f6688b2aa391799eb40f2f0779da23c2
Author: caa2783 <christian.atayde@utexas.edu>
Date:   Tue Apr 4 13:19:26 2017 -0500

    Testing image display for Japan.

commit 8d541ed054895cb5d9e435b6ddbc5ce052bc77ae
Author: caa2783 <christian.atayde@utexas.edu>
Date:   Tue Apr 4 12:19:12 2017 -0500

    Made changes to Japan in country of origin.

commit 7866b93d424c9fc068cb7b4591dce7eaf53ad7ba
Merge: 9e668e0 6c51a4d
Author: caa2783 <christian.atayde@utexas.edu>
Date:   Tue Apr 4 11:29:40 2017 -0500

    Merge branch 'master' of https://github.com/cb38335/cs329e-idb
    
    # Conflicts:
    #	Mains/country-main.html

commit 9e668e05109dfafe1450aa8bc76a9816808499a3
Author: caa2783 <christian.atayde@utexas.edu>
Date:   Tue Apr 4 11:26:25 2017 -0500

    Changes to Country of Origin. Added pictures for Russia.

commit 6c51a4d9031b0e653b7de49be5a6af0d488b571b
Author: Grecia Reyna <Grecia@Grecias-MacBook-Pro.local>
Date:   Tue Apr 4 00:21:59 2017 -0500

    updated image

commit bfc0c27dd9d4f5e45d15654bee23ddb8f2817dc8
Author: Grecia Reyna <Grecia@Grecias-MacBook-Pro.local>
Date:   Tue Apr 4 00:16:45 2017 -0500

    fixed text alignment for main pages

commit 231ee10fae48556990ff814a852c650481f92e2a
Author: Grecia Reyna <Grecia@Grecias-MacBook-Pro.local>
Date:   Tue Apr 4 00:14:04 2017 -0500

    Fixed alignment of table cells in Animator pages

commit 187eee9f8e5f95e57f29527c90106b12f18ee901
Author: Grecia Reyna <Grecia@Grecias-MacBook-Pro.local>
Date:   Mon Apr 3 23:16:44 2017 -0500

    Fixed titles for Cartoon main pages

commit de4009e275b6b5faf3ba095be5bcb66eac066388
Author: Grecia Reyna <Grecia@Grecias-MacBook-Pro.local>
Date:   Mon Apr 3 23:15:03 2017 -0500

    Fixed titles for animator main pages

commit 065bccc4056885eb9f28dcbaaf6a089752939fdd
Author: Grecia Reyna <Grecia@Grecias-MacBook-Pro.local>
Date:   Mon Apr 3 23:09:00 2017 -0500

    Fixed colors for Animator Pages

commit 759d1d87b5da5e6987b9daf62419c4899a53621a
Author: Grecia Reyna <Grecia@Grecias-MacBook-Pro.local>
Date:   Mon Apr 3 22:54:04 2017 -0500

    Added navigation bar to first three animator pages

commit 730a50df449864a7f6613113508e80e4b5ee4b64
Author: Grecia Reyna <Grecia@wireless-10-147-31-5.public.utexas.edu>
Date:   Mon Apr 3 19:19:03 2017 -0500

    fixed image

commit 6e1e5a315df34f94020e5b8977d63a0651392af2
Author: Grecia Reyna <Grecia@wireless-10-147-31-5.public.utexas.edu>
Date:   Mon Apr 3 19:15:13 2017 -0500

    fixed images for country page 2

commit c1b52c1386a912ee135147b3ce28a356d48425a9
Author: Grecia Reyna <Grecia@wireless-10-147-31-5.public.utexas.edu>
Date:   Mon Apr 3 19:14:00 2017 -0500

    updated images on country main page 2

commit 1555930c60fe90294209ba36f65c8b46da75c64d
Author: Grecia Reyna <Grecia@wireless-10-147-31-5.public.utexas.edu>
Date:   Mon Apr 3 19:06:36 2017 -0500

    updated country main page 2

commit 79932c7a511b40469dfb49d17cc36828c7888d09
Merge: 5cf76bd f085b4e
Author: Beom Kim <pomeryt@cs.utexas.edu>
Date:   Mon Apr 3 18:59:24 2017 -0500

    Merge branch 'master' of https://github.com/cb38335/cb38335.github.io

commit 5cf76bdbf3dd30ca70b0f6e6eafad855df02dcac
Author: Beom Kim <pomeryt@cs.utexas.edu>
Date:   Mon Apr 3 18:58:55 2017 -0500

    applied bootstrap

commit f085b4e739bada371404fde60e1e9add20798349
Author: danielvuong7 <danielvuong7@gmail.com>
Date:   Tue Apr 4 08:57:25 2017 +0900

    Changed header row into buttons

commit 89fdf1a76624834d07bbce506a2513f7ebce0d91
Author: Grecia Reyna <Grecia@wireless-10-147-31-5.public.utexas.edu>
Date:   Mon Apr 3 18:46:55 2017 -0500

    fixed images on cartoon page 2

commit 32b97d2466f6713fbc04f7881afc509d6c896ce4
Author: Grecia Reyna <Grecia@wireless-10-147-31-5.public.utexas.edu>
Date:   Mon Apr 3 18:44:53 2017 -0500

    Added pagination to Cartoon main pages

commit 928db8339678fed5f94a824b36e6965d463ca2fc
Merge: 8608e89 519795f
Author: danielvuong7 <danielvuong7@gmail.com>
Date:   Tue Apr 4 08:31:58 2017 +0900

    Merge branch 'master' of https://github.com/cb38335/cb38335.github.io

commit 8608e8926d72fefebc48bf57d1bf1ef8fe92edc4
Author: danielvuong7 <danielvuong7@gmail.com>
Date:   Tue Apr 4 08:31:19 2017 +0900

    Fixed issue in javascript file

commit 519795fb8a287425eb315d86232087e899571563
Author: Grecia Reyna <Grecia@wireless-10-147-31-5.public.utexas.edu>
Date:   Mon Apr 3 18:25:20 2017 -0500

    Added pagination to Country main page

commit 69756a1e23407c5b33ed8eb77710d77bcfe69356
Merge: 8840791 c6fe131
Author: danielvuong7 <danielvuong7@gmail.com>
Date:   Tue Apr 4 08:20:46 2017 +0900

    Merge branch 'master' of https://github.com/cb38335/cb38335.github.io

commit 88407914d2ed2a7950668f13c4a95d97e8669290
Author: danielvuong7 <danielvuong7@gmail.com>
Date:   Tue Apr 4 08:20:03 2017 +0900

    Replaced old cname page with new one

commit c6fe13144ec174586cf60194328fb1d5ed8fc23e
Author: Grecia Reyna <Grecia@wireless-10-147-31-5.public.utexas.edu>
Date:   Mon Apr 3 18:17:07 2017 -0500

    updated

commit f4371ea8503b0b73185009f9295ff1e3f48b616d
Author: danielvuong7 <danielvuong7@gmail.com>
Date:   Tue Apr 4 08:13:31 2017 +0900

    Try to fix nav bar Bootstrap problems

commit 2330dde10e70443ffc3771517ea21478b952b9e6
Author: danielvuong7 <danielvuong7@gmail.com>
Date:   Tue Apr 4 08:09:36 2017 +0900

    Initial commit for sorting cname page

commit 2db14cd730ad078ba6ef37a5d4d790d64c57946a
Author: Grecia Reyna <Grecia@wireless-10-147-31-5.public.utexas.edu>
Date:   Mon Apr 3 18:03:40 2017 -0500

    Added pagination to Animator main pages.

commit 4d43a210586ccde4adf9e3e525adc1f337493279
Author: Grecia Reyna <Grecia@wireless-10-147-31-5.public.utexas.edu>
Date:   Mon Apr 3 18:00:53 2017 -0500

    Added pagination to Animator Main Pages

commit ebde3c4516388da7da0fe6b134446b5b6f2120a0
Author: Grecia Reyna <Grecia@wireless-10-147-31-5.public.utexas.edu>
Date:   Mon Apr 3 17:58:18 2017 -0500

    Added pagination to Animator Main Page

commit 7b44b52197e15a0bfbb51e3f8fb1ef6112ac52ae
Merge: b9c9729 beddcf5
Author: Chaquette Blanks <chaquetteblanks@utexas.edu>
Date:   Mon Apr 3 17:54:02 2017 -0500

    new cartoon pages

commit beddcf50179d225647dda905112d835a3bc1974c
Merge: 0060988 65a75da
Author: Chaquette Blanks <chaquetteblanks@utexas.edu>
Date:   Mon Apr 3 17:51:55 2017 -0500

    changes>

commit b9c9729724c13d287e6b982df0d1397b910c9ee4
Merge: 2698621 65a75da
Author: cb38335 <chaquetteblanks@utexas.edu>
Date:   Mon Apr 3 17:48:52 2017 -0500

    Merge pull request #41 from cb38335/Cartoon
    
    Merge pull request #40 from cb38335/master

commit 0060988d215c13b8308bbef537c81a032b3903d4
Merge: 7f83417 ac601ca
Author: Chaquette Blanks <chaquetteblanks@utexas.edu>
Date:   Mon Apr 3 17:46:05 2017 -0500

    idk

commit 65a75da0a45993324d09d718dc11fd6996ba81a8
Merge: 12c0bf8 2698621
Author: cb38335 <chaquetteblanks@utexas.edu>
Date:   Mon Apr 3 17:45:32 2017 -0500

    Merge pull request #40 from cb38335/master
    
    merging master with cartoon

commit 26986215cdf1c79e3b650ed8193370099a230e1e
Merge: ac601ca 12c0bf8
Author: cb38335 <chaquetteblanks@utexas.edu>
Date:   Mon Apr 3 17:44:55 2017 -0500

    Merge pull request #39 from cb38335/Cartoon
    
    Merge pull request #22 from cb38335/master

commit 7f83417b198b2664a852f6d1eaf79b3f730da20f
Merge: e4ebd5a c4f5ef3
Author: Chaquette Blanks <chaquetteblanks@utexas.edu>
Date:   Mon Apr 3 17:42:07 2017 -0500

    merging master with carton

commit e4ebd5a58acfb94595b7c46395b9acd1c593fdc6
Author: Chaquette Blanks <chaquetteblanks@utexas.edu>
Date:   Mon Apr 3 17:38:01 2017 -0500

    new cartoon pages

commit ac601ca6a643ddf723996ba23b3bce7a3869671a
Author: Grecia Reyna <Grecia@wireless-10-147-31-5.public.utexas.edu>
Date:   Mon Apr 3 17:08:40 2017 -0500

    Adding 3 more Animator pages

commit cf89533426dc56fc87a180bd68d629e53dea7467
Merge: fc62c14 3e9aafa
Author: Beom Kim <pomeryt@cs.utexas.edu>
Date:   Mon Apr 3 16:35:13 2017 -0500

    Merge branch 'about'

commit 3e9aafa26cc35e0b498e286c8befd99e1a854b1f
Author: Beom Kim <pomeryt@cs.utexas.edu>
Date:   Mon Apr 3 16:34:39 2017 -0500

    update navigator

commit fc62c14807a2629ed883c59417be8f69f31422d4
Merge: df7b0b6 d180591
Author: Beom Kim <pomeryt@cs.utexas.edu>
Date:   Mon Apr 3 16:17:24 2017 -0500

    Merge branch 'about'

commit d180591fccb8e6e109caaa34a775c0e9cd207bf9
Author: Beom Kim <pomeryt@cs.utexas.edu>
Date:   Mon Apr 3 16:16:58 2017 -0500

    changed to absolute path

commit df7b0b627300355ad9c02fffddb17915c469695e
Merge: 1d73042 ce81d1c
Author: Beom Kim <pomeryt@cs.utexas.edu>
Date:   Mon Apr 3 16:04:14 2017 -0500

    Merge branch 'about'

commit ce81d1c40a8e755f04041e3eaa9496bc3a533ddb
Author: Beom Kim <pomeryt@cs.utexas.edu>
Date:   Mon Apr 3 15:55:50 2017 -0500

    fixed links of navigator

commit d6cf5afc121a58b1f024e82a77c19bc09356bb0c
Author: Rin <pomeryt@naver.com>
Date:   Mon Apr 3 06:42:45 2017 -0500

    bootstrap implementation of navigator

commit 12c0bf81389587fa4dd75ecffd8fb1860b0b19fb
Merge: c9abdad 1d73042
Author: cb38335 <chaquetteblanks@utexas.edu>
Date:   Sun Apr 2 17:48:35 2017 -0500

    Merge pull request #22 from cb38335/master
    
    updating Cartoon branch

commit 1d73042ac61419de5153b61d3a9bb4ce27c5b474
Author: Rin <pomeryt@naver.com>
Date:   Thu Mar 23 19:02:05 2017 -0500

    added comment

commit 636db6d29b08e005f3fa0b019be5a05925ec5d55
Author: Rin <pomeryt@naver.com>
Date:   Thu Mar 23 18:57:38 2017 -0500

    update about

commit 06edf23b012c94ca5308dd42cee867625a57ec5f
Author: Grecia Reyna <Grecia@Grecias-MacBook-Pro.local>
Date:   Thu Mar 23 18:46:55 2017 -0500

    Added git log

commit 6702aac74764f0a707358bc383f5c320a3e7c012
Author: Rin <pomeryt@naver.com>
Date:   Thu Mar 23 18:36:35 2017 -0500

    update about page

commit ed6e70b2932d433fea600e567016929f24b645d5
Author: pomeryt <pomeryt@naver.com>
Date:   Thu Mar 23 18:35:06 2017 -0500

    Create README.md

commit dd07facb7b9abd280af9b6a66a16bba8db388fcb
Author: pomeryt <pomeryt@naver.com>
Date:   Thu Mar 23 18:33:40 2017 -0500

    Create .gitignore

commit 9d6344fe38759ec0c7481fa7d41edc7e0a5c230b
Author: Rin <pomeryt@naver.com>
Date:   Thu Mar 23 18:10:06 2017 -0500

    update about

commit 56dfe00e1ad994adf0cf6f0d87d13f06dc3d2c13
Merge: 61fbcd1 8754023
Author: Rin <pomeryt@naver.com>
Date:   Thu Mar 23 18:07:58 2017 -0500

    Merge branch 'master' of https://github.com/cb38335/cb38335.github.io

commit 61fbcd109c4325bcb9e141d43b2ec75ec3b8a58b
Author: Rin <pomeryt@naver.com>
Date:   Thu Mar 23 18:07:20 2017 -0500

    update commits

commit 8754023963f2dc607164d2c1d4eb116fa44874a9
Author: Grecia Reyna <Grecia@Grecias-MacBook-Pro.local>
Date:   Thu Mar 23 18:03:29 2017 -0500

    test

commit e85f1c42dd08ee399ea8b2a9b899365218873b2d
Merge: 41088a7 dca49ec
Author: Rin <pomeryt@naver.com>
Date:   Thu Mar 23 17:45:52 2017 -0500

    Merge branch 'about'

commit dca49ecb51b1c3d3533e996410b6593b417e3ec1
Author: Rin <pomeryt@naver.com>
Date:   Thu Mar 23 17:45:34 2017 -0500

    added links of tools

commit 41088a7135794995696a1320bcd40275b20e9a08
Author: Grecia Reyna <Grecia@Grecias-MacBook-Pro.local>
Date:   Thu Mar 23 17:36:25 2017 -0500

    Added hyperlinks to Country pages

commit 50924d5c8e984e83a5eda4e4d3bc4c124b2c7cff
Author: Rin <pomeryt@naver.com>
Date:   Thu Mar 23 17:29:30 2017 -0500

    set group name as loopy toons

commit d6b14326f2a4f69848246f57f4d20fda4f298f10
Author: Rin <pomeryt@naver.com>
Date:   Thu Mar 23 17:28:08 2017 -0500

    completed the bios

commit 0c326d743cdffcb962b94070b5d4aae148691bc1
Author: Rin <pomeryt@naver.com>
Date:   Thu Mar 23 17:10:25 2017 -0500

    fixed bug: extension of image

commit e22a4e1efbe548f964f651650bfc901c68ed1f59
Merge: 9d5eb84 88febcf
Author: Rin <pomeryt@naver.com>
Date:   Thu Mar 23 17:01:40 2017 -0500

    Merge branch 'master' of https://github.com/cb38335/cb38335.github.io

commit 9d5eb84f00679de8e05106216886af598e7f3296
Author: Rin <pomeryt@naver.com>
Date:   Thu Mar 23 17:01:17 2017 -0500

    fixed bug: broken code

commit 88febcfc99cb8d9ee3496bda5bc240965c90a346
Author: Grecia Reyna <Grecia@Grecias-MacBook-Pro.local>
Date:   Thu Mar 23 16:53:26 2017 -0500

    Added hyperlinks to Aniamtor pages.

commit 5aff095efb0bc95379624930cea385ced57d80ef
Merge: 2701628 c574573
Author: Rin <pomeryt@naver.com>
Date:   Thu Mar 23 16:52:14 2017 -0500

    added photo

commit c57457376bfaea517267535b252d1eb825019556
Author: Rin <pomeryt@naver.com>
Date:   Thu Mar 23 16:48:42 2017 -0500

    added picture of chaquette

commit c4f5ef33d6bdde689bd3ff162b0aac446acad1cc
Author: Chaquette Blanks <chaquetteblanks@utexas.edu>
Date:   Thu Mar 23 12:40:34 2017 -0500

    added hyperlink to Cartoon pages

commit b855d911cedc89ea920af69fe47d0d67cf1c1397
Author: Chaquette Blanks <chaquetteblanks@utexas.edu>
Date:   Thu Mar 23 02:16:20 2017 -0500

    small change to mistake in Simpsons page

commit 9045ca061320f70305118957d65012a5cc41f3ec
Merge: c9abdad 2701628
Author: Chaquette Blanks <chaquetteblanks@utexas.edu>
Date:   Thu Mar 23 02:11:09 2017 -0500

    Merge branch 'master' of https://github.com/cb38335/cb38335.github.io

commit c9abdad9b1cabf94ef601f4935500950d9fc2ae4
Author: Chaquette Blanks <chaquetteblanks@utexas.edu>
Date:   Thu Mar 23 02:07:36 2017 -0500

    final changes to Cartoon pages

commit 2701628256da4b509acfa5c3a4c2ac147907c0b3
Author: Rin <pomeryt@naver.com>
Date:   Thu Mar 23 01:15:03 2017 -0500

    fixed bug not showing image

commit 1e99b4cb75123d44336ea77103e1aa9f6a1b2692
Author: Rin <pomeryt@naver.com>
Date:   Thu Mar 23 01:09:25 2017 -0500

    update about

commit 08e7e622396de0601154c131d2c0edc107f5d592
Author: Rin <pomeryt@naver.com>
Date:   Wed Mar 22 23:56:33 2017 -0500

    applied stylesheets to about page

commit 942f91b031c307fdd797d5947abf656998414c52
Merge: da1c8dc 800852f
Author: cb38335 <chaquetteblanks@utexas.edu>
Date:   Wed Mar 22 21:44:01 2017 -0500

    Merge pull request #21 from cb38335/Cartoon
    
    Cartoon

commit 800852f2f4542925ea1d912d2d0e9a3695dd6179
Merge: 5600ccf 4a83ca5
Author: Chaquette Blanks <chaquetteblanks@utexas.edu>
Date:   Wed Mar 22 21:43:01 2017 -0500

    updating Cartoon branch

commit da1c8dc98beeb848faed729eca3cc202743e4542
Author: Grecia Reyna <Grecia@wireless-10-146-136-14.public.utexas.edu>
Date:   Wed Mar 22 21:10:20 2017 -0500

    test

commit 64ca35b40987be39303140ebc8d1b8dd9f3c5437
Author: Grecia Reyna <Grecia@wireless-10-146-136-14.public.utexas.edu>
Date:   Wed Mar 22 21:08:06 2017 -0500

    test

commit 93afec7642cb735d55fdb084e4bcf88066e6670d
Author: Grecia Reyna <Grecia@wireless-10-146-136-14.public.utexas.edu>
Date:   Wed Mar 22 21:06:51 2017 -0500

    test

commit 95a2001a4803706b1fbc38d8221a0feba28be3e6
Author: Grecia Reyna <Grecia@wireless-10-146-136-14.public.utexas.edu>
Date:   Wed Mar 22 20:56:18 2017 -0500

    Fixed Animator Table Column Headings

commit 68c4e13ec036f06f4b676b5010888dcb75f8fddd
Author: Grecia Reyna <Grecia@wireless-10-145-211-15.public.utexas.edu>
Date:   Wed Mar 22 19:34:54 2017 -0500

    Changed background color.

commit 932996ed456f4db1310c65f7e5dacaf61cc2e9cb
Author: danielvuong7 <danielvuong7@gmail.com>
Date:   Thu Mar 23 09:04:24 2017 +0900

    Changed background color of pages.

commit d0d3107cde8ddaed00a9995699cc17d45b247c7f
Author: danielvuong7 <danielvuong7@gmail.com>
Date:   Thu Mar 23 09:01:34 2017 +0900

    Changed css file

commit e30671a2b84b37deeefdb3764a286e18a8e4cc52
Author: danielvuong7 <danielvuong7@gmail.com>
Date:   Thu Mar 23 08:59:39 2017 +0900

    Changed css file

commit c1df0095307eb757f72cc92e4c2f3ec4376d9cdd
Merge: 59fe596 7961e2b
Author: Beom Kim <pomeryt@cs.utexas.edu>
Date:   Wed Mar 22 19:00:13 2017 -0500

    Merge branch 'master' of https://github.com/cb38335/cb38335.github.io

commit 59fe5960877fba1339e156a3a4b6ea7eb8d2ef2a
Author: Beom Kim <pomeryt@cs.utexas.edu>
Date:   Wed Mar 22 19:00:00 2017 -0500

    changed color of naviationbar

commit 7961e2b6dbc785a4c8fc153892ed133448b7c908
Author: danielvuong7 <danielvuong7@gmail.com>
Date:   Thu Mar 23 08:55:55 2017 +0900

    Changed css file

commit 6770837492e5a6a11f403d321216d0d8948ba1ea
Author: danielvuong7 <danielvuong7@gmail.com>
Date:   Thu Mar 23 08:53:11 2017 +0900

    Modified css file for main pages.

commit 4a83ca5dad57b325a803628aa8825a912818a2f1
Merge: ebc0794 24325ee
Author: Chaquette Blanks <chaquetteblanks@utexas.edu>
Date:   Wed Mar 22 18:52:08 2017 -0500

    Merge branch 'master' of https://github.com/cb38335/cb38335.github.io

commit ebc07947a00c2857cf78fcd8780b9a7ba9ee02b7
Merge: 7aa12de 527ec5d
Author: Chaquette Blanks <chaquetteblanks@utexas.edu>
Date:   Wed Mar 22 18:50:06 2017 -0500

    Merge branch 'master' of https://github.com/cb38335/cb38335.github.io

commit 24325eebdd220edf66b9be5306eecab31d2cbce5
Author: danielvuong7 <danielvuong7@gmail.com>
Date:   Thu Mar 23 08:48:37 2017 +0900

    Added navigation bar.

commit 7aa12de0b0ce038fa89c7ffd75c21ab4e8c35f7d
Author: Chaquette Blanks <chaquetteblanks@utexas.edu>
Date:   Wed Mar 22 18:48:21 2017 -0500

    added navigator to pages

commit 527ec5d9cd4681b8a1a2e0ceab5375bff7b72de0
Merge: 94f6965 b09e6ca
Author: Grecia Reyna <Grecia@wireless-10-147-169-58.public.utexas.edu>
Date:   Wed Mar 22 18:47:39 2017 -0500

    Merge branch 'master' of https://github.com/cb38335/cb38335.github.io

commit 94f69655b6a177f388563a6aa4c376f660b9e9f7
Author: Grecia Reyna <Grecia@wireless-10-147-169-58.public.utexas.edu>
Date:   Wed Mar 22 18:44:48 2017 -0500

    added navigation bar to Animator pages

commit b09e6ca248f57b657ac6a40929a060874e44de1d
Merge: fc0468c 2cbae9d
Author: Beom Kim <pomeryt@cs.utexas.edu>
Date:   Wed Mar 22 18:43:36 2017 -0500

    Merge branch 'master' of https://github.com/cb38335/cb38335.github.io

commit 2cbae9d3264f71699cfc65130e532d607f924f26
Merge: 0743852 da08e0a
Author: caa2783 <christian.atayde@utexas.edu>
Date:   Wed Mar 22 18:43:14 2017 -0500

    Merge branch 'master' of https://github.com/cb38335/cs329e-idb

commit fc0468c9104977c9f781ffec86cc42c186506c42
Merge: 55a43e7 da08e0a
Author: Beom Kim <pomeryt@cs.utexas.edu>
Date:   Wed Mar 22 18:42:45 2017 -0500

    Merge branch 'master' of https://github.com/cb38335/cb38335.github.io

commit 55a43e7a79fcafc976a03a32df285dc64814cca5
Author: Beom Kim <pomeryt@cs.utexas.edu>
Date:   Wed Mar 22 18:42:31 2017 -0500

    added home tab

commit 07438522a2cd6e4f169c6f9cf7a0fa328f506179
Author: caa2783 <christian.atayde@utexas.edu>
Date:   Wed Mar 22 18:42:09 2017 -0500

    Included navigator on CountryOfOrigin pages.

commit da08e0ac0dfc8970cea6412c26da5e4005047d14
Author: danielvuong7 <danielvuong7@gmail.com>
Date:   Thu Mar 23 08:38:28 2017 +0900

    Editted all hyperlinks.

commit bfad425ba6767a420921b32aeffef8a4385f99ca
Author: danielvuong7 <danielvuong7@gmail.com>
Date:   Thu Mar 23 08:35:48 2017 +0900

    Editted image filepaths again.

commit 65eca24d2890bf0e47b6939818bedfef6e57724d
Author: danielvuong7 <danielvuong7@gmail.com>
Date:   Thu Mar 23 08:31:23 2017 +0900

    Editted filepaths for images.

commit 05e58f39fe6af36b2e68ca3afa14605038086e46
Author: Beom Kim <pomeryt@cs.utexas.edu>
Date:   Wed Mar 22 18:24:16 2017 -0500

    linked all mains

commit a602a70fc3018e95e0f10758aee56099f214ad95
Author: Beom Kim <pomeryt@cs.utexas.edu>
Date:   Wed Mar 22 18:17:10 2017 -0500

    sorted

commit fbcbfa259853f1a57a9573b2b54f6e69f35f20c0
Author: Beom Kim <pomeryt@cs.utexas.edu>
Date:   Wed Mar 22 18:06:16 2017 -0500

    sorted country of origin

commit 241d0c8adbec90effe4e60620c820260569c93e6
Merge: bc56f44 b886a67
Author: Chaquette Blanks <chaquetteblanks@utexas.edu>
Date:   Wed Mar 22 18:00:19 2017 -0500

    Merge branch 'master' of https://github.com/cb38335/cb38335.github.io

commit bc56f44bd234e2ca03bfc86953e6b8f377c0a386
Author: Chaquette Blanks <chaquetteblanks@utexas.edu>
Date:   Wed Mar 22 17:59:58 2017 -0500

    deleted unneccesary files

commit b886a67e39c10b5837807cbdf7b7fce483afa21c
Merge: 8ad2a54 8a52a82
Author: Beom Kim <pomeryt@cs.utexas.edu>
Date:   Wed Mar 22 17:45:51 2017 -0500

    Merge branch 'master' of https://github.com/cb38335/cb38335.github.io
    
    test

commit 8ad2a54acd09c4777061107b54ea339dae1ffecf
Author: Beom Kim <pomeryt@cs.utexas.edu>
Date:   Wed Mar 22 17:45:28 2017 -0500

    fixed navigator

commit 8a52a82ac296353283b59c4e9668b43286a8bb92
Author: danielvuong7 <danielvuong7@gmail.com>
Date:   Thu Mar 23 07:40:09 2017 +0900

    Fixed images

commit 23b19e1f3fd4bbd079d49b2dc8f06279e45e15de
Author: danielvuong7 <danielvuong7@gmail.com>
Date:   Thu Mar 23 07:31:04 2017 +0900

    Fixed hyperlinks

commit 0dca9ac210ac52396317c6eb27073de82446ff5d
Author: danielvuong7 <danielvuong7@gmail.com>
Date:   Thu Mar 23 07:27:04 2017 +0900

    Added hyperlinks

commit d112dffe4330467554afd98a38428b1c4da91306
Author: Chaquette Blanks <chaquetteblanks@utexas.edu>
Date:   Wed Mar 22 17:26:29 2017 -0500

    folder

commit 5600ccf582dabc8c0ac921f4fc05ed62049dc3d6
Author: Chaquette Blanks <chaquetteblanks@utexas.edu>
Date:   Wed Mar 22 17:23:19 2017 -0500

    Cartoon folder

commit 515d6976d553c000776fc8d4c86944e6aaa87725
Author: danielvuong7 <danielvuong7@gmail.com>
Date:   Thu Mar 23 07:14:36 2017 +0900

    Add main pages to master.

commit 8035e3e474c97545622770f2699ed00268a32d9d
Author: Grecia Reyna <Grecia@wireless-10-147-169-58.public.utexas.edu>
Date:   Wed Mar 22 17:04:20 2017 -0500

    Added Animator Pages

commit 1e7c770c1f7f4d31009ba37d273ce7437a0a1d59
Merge: a099b9b 253d868
Author: caa2783 <christian.atayde@utexas.edu>
Date:   Wed Mar 22 16:59:51 2017 -0500

    Merge branch 'CountryofOrigin'

commit a099b9b02650ed7e40e31abb2a94dd233f51157a
Merge: f638ccd 530cd3f
Author: Chaquette Blanks <chaquetteblanks@utexas.edu>
Date:   Wed Mar 22 16:55:37 2017 -0500

    Merge branch 'master' of https://github.com/cb38335/cb38335.github.io

commit 253d868c4c376b6896bc5a3ce96bf14377d52827
Merge: 1065b74 530cd3f
Author: caa2783 <christian.atayde@utexas.edu>
Date:   Wed Mar 22 16:53:19 2017 -0500

    Merge branch 'master' of https://github.com/cb38335/cs329e-idb into CountryofOrigin

commit 530cd3f144364b3d71152295617cd683d4b014b2
Author: Beom Kim <pomeryt@cs.utexas.edu>
Date:   Wed Mar 22 16:49:28 2017 -0500

    setted about page

commit f638ccde4af288b049afa7495b20a4b3989ad54f
Author: Chaquette Blanks <chaquetteblanks@utexas.edu>
Date:   Wed Mar 22 16:46:47 2017 -0500

    rough draft of cartoon pages

commit e7daad70e56248c2f8ce1a5482416abd52d174e5
Author: Beom Kim <pomeryt@cs.utexas.edu>
Date:   Wed Mar 22 16:36:38 2017 -0500

    imported nagivator

commit e4ae231e56fe4f3a8eaa009d92d11dd9ad464126
Author: Beom Kim <pomeryt@cs.utexas.edu>
Date:   Wed Mar 22 16:34:50 2017 -0500

    fixed navigator problem

commit f484229183b8a69189b43a2eb72bfef589d1b69c
Author: Beom Kim <pomeryt@cs.utexas.edu>
Date:   Wed Mar 22 15:53:09 2017 -0500

    added background image in splash page

commit 1065b74cee51e5d0f6e9571756a26019edf52270
Author: caa2783 <christian.atayde@utexas.edu>
Date:   Wed Mar 22 11:28:15 2017 -0500

    Initial html with corresponding images for three countries.

commit e2711d1b980da666012ab39590596b8ae444e3ad
Author: Rin <pomeryt@naver.com>
Date:   Wed Mar 22 07:02:30 2017 -0500

    initial splash html file

commit 126f73f0b7c05978217b47341e708c9a6e266083
Author: Rin <pomeryt@naver.com>
Date:   Tue Mar 21 20:27:32 2017 -0500

    added some comments

commit 889a571f1827004fa588cc374dbf9865a80f567f
Author: Rin <pomeryt@naver.com>
Date:   Tue Mar 21 20:20:08 2017 -0500

    included topNavigator.css in index.html

commit cb268c06cdda86510e7eb7232f40f09b2d6c6aa3
Author: Rin <pomeryt@naver.com>
Date:   Tue Mar 21 20:16:09 2017 -0500

    initial topNavigator.css

commit e25c0118b52025b1d5b9ed585ed74c0d9f927a15
Author: Rin <pomeryt@naver.com>
Date:   Tue Mar 21 20:15:38 2017 -0500

    deleted topNavigator.html

commit 4966c3fbb988a0c6db1cc4ca205c992aaeaa9d15
Author: Rin <pomeryt@naver.com>
Date:   Tue Mar 21 19:15:07 2017 -0500

    built structure of top navigator in the splash folder

commit 17097416600ee9d0f841e6fef9c0342199d89efc
Author: Rin <pomeryt@naver.com>
Date:   Tue Mar 21 18:31:47 2017 -0500

    built structure of top navigator

commit 74f934d905c285e3c8de9af8c16181be4396df6c
Author: Rin <pomeryt@naver.com>
Date:   Tue Mar 21 18:24:30 2017 -0500

    created dummy page as a placeholder

commit 1c3f44792b63f45b11c7352ca1b492c8cc9ce4bc
Author: Rin <pomeryt@naver.com>
Date:   Tue Mar 21 17:49:43 2017 -0500

    initial CNAME

commit 54d25d6b8e2fe36d7445155c498d023632165e73
Merge: b19ef3f 67ffba5
Author: Rin <pomeryt@naver.com>
Date:   Tue Mar 21 16:44:30 2017 -0500

    Merge branch 'master' into gh-pages

commit 67ffba557886d71311f0052f3cc4991b029f0ac9
Author: cb38335 <chaquetteblanks@utexas.edu>
Date:   Tue Mar 21 15:17:17 2017 -0500

    Delete CNAME

commit b19ef3f4c1242a62f834a6448b10120de49eb422
Author: cb38335 <chaquetteblanks@utexas.edu>
Date:   Tue Mar 21 13:43:55 2017 -0500

    Delete CNAME

commit a03c69aa57e7cd6121ba46ac8e86c7b6b5f1099f
Author: cb38335 <chaquetteblanks@utexas.edu>
Date:   Tue Mar 21 13:43:06 2017 -0500

    Update CNAME

commit b0b43c5175eab02f6acb2728dbf9bda4cfe79a10
Author: cb38335 <chaquetteblanks@utexas.edu>
Date:   Tue Mar 21 13:42:16 2017 -0500

    Create CNAME
    
    Testing domain.

commit e8859b9f16f60424b3f1f6c50fd50ec131774ca0
Author: cb38335 <chaquetteblanks@utexas.edu>
Date:   Tue Mar 21 12:37:29 2017 -0500

    Create CNAME

commit f820d7ae0909745f49bf4f3452fc0f3e9b4097fc
Merge: ab9fe8d 7985da7
Author: cb38335 <chaquetteblanks@utexas.edu>
Date:   Tue Mar 21 12:33:29 2017 -0500

    Merge pull request #19 from cb38335/gh-pages
    
    Delete CNAME

commit ab9fe8dfb9d84390bc905b9fa96d55a410e0cdae
Merge: 97346d6 b031176
Author: cb38335 <chaquetteblanks@utexas.edu>
Date:   Tue Mar 21 12:33:02 2017 -0500

    Merge pull request #17 from cb38335/CountryofOrigin
    
    Delete CNAME

commit 97346d6915d117b4fe8c2f1b2c3a65ade7047606
Merge: fc3815d 62a0bed
Author: cb38335 <chaquetteblanks@utexas.edu>
Date:   Tue Mar 21 12:32:30 2017 -0500

    Merge pull request #18 from cb38335/dev
    
    Delete CNAME

commit 62a0bed1883196bf0dace40815e0cf35aa472e46
Author: cb38335 <chaquetteblanks@utexas.edu>
Date:   Tue Mar 21 12:30:38 2017 -0500

    Delete CNAME

commit b0311764d97212ef072e8c297689e08dd58679c4
Author: cb38335 <chaquetteblanks@utexas.edu>
Date:   Tue Mar 21 12:30:25 2017 -0500

    Delete CNAME

commit 7985da78c0ded433891d4ecbb954d27855bb1615
Author: cb38335 <chaquetteblanks@utexas.edu>
Date:   Tue Mar 21 12:30:08 2017 -0500

    Delete CNAME

commit fc3815d4d1ed72a099072cec899a0858a4c552f9
Author: cb38335 <chaquetteblanks@utexas.edu>
Date:   Tue Mar 21 12:29:57 2017 -0500

    Delete CNAME

commit a20b4f5e28d809ec16c73b77fcf7c0d52b662d44
Author: cb38335 <chaquetteblanks@utexas.edu>
Date:   Tue Mar 21 12:28:29 2017 -0500

    Create CNAME

commit f487dfa09ab95f531c103b53d41cbc9e5cf6f073
Author: cb38335 <chaquetteblanks@utexas.edu>
Date:   Tue Mar 21 12:28:04 2017 -0500

    Delete CNAME

commit d5bf88f11cba3f792a68f59aed9ddad70aa70c46
Author: cb38335 <chaquetteblanks@utexas.edu>
Date:   Tue Mar 21 12:26:46 2017 -0500

    Update CNAME

commit 6943355ee295b3da8e953626afda40bc10235692
Author: Rin <pomeryt@naver.com>
Date:   Mon Mar 20 20:48:16 2017 -0500

    initial CNAME

commit 2194500e32a6d6aee0877202270bc1b770427064
Author: Beom Kim <pomeryt@cs.utexas.edu>
Date:   Mon Mar 20 16:52:05 2017 -0500

    test commit

commit a7bff5f170783cc39b66c21141112f4b5da0448c
Author: Beom Kim <pomeryt@cs.utexas.edu>
Date:   Mon Mar 20 16:45:25 2017 -0500

    initial index.html

commit 3191a960ad5604cf9aa1cdd1da63388059ba007a
Author: greciareyna <greciareyna@utexas.edu>
Date:   Mon Mar 20 16:26:17 2017 -0500

    Update README.md

commit 097f208bcf9ba7e7bb3dadb8305a95bba9035fb5
Author: cb38335 <chaquetteblanks@utexas.edu>
Date:   Mon Mar 20 16:22:16 2017 -0500

    Initial commit
